[INFO  - 2016-04-14T18:43:34.261Z] GhostDriver - Main - running on port 54873
[INFO  - 2016-04-14T18:43:34.960Z] Session [cb25bea0-0270-11e6-8024-b579e9b72390] - page.settings - {"XSSAuditingEnabled":false,"javascriptCanCloseWindows":true,"javascriptCanOpenWindows":true,"javascriptEnabled":true,"loadImages":true,"localToRemoteUrlAccessEnabled":false,"userAgent":"Mozilla/5.0 (Macintosh; Intel Mac OS X) AppleWebKit/538.1 (KHTML, like Gecko) PhantomJS/2.1.1 Safari/538.1","webSecurityEnabled":true}
[INFO  - 2016-04-14T18:43:34.960Z] Session [cb25bea0-0270-11e6-8024-b579e9b72390] - page.customHeaders:  - {}
[INFO  - 2016-04-14T18:43:34.960Z] Session [cb25bea0-0270-11e6-8024-b579e9b72390] - Session.negotiatedCapabilities - {"browserName":"phantomjs","version":"2.1.1","driverName":"ghostdriver","driverVersion":"1.2.0","platform":"mac-10.9 (Mavericks)-64bit","javascriptEnabled":true,"takesScreenshot":true,"handlesAlerts":false,"databaseEnabled":false,"locationContextEnabled":false,"applicationCacheEnabled":false,"browserConnectionEnabled":false,"cssSelectorsEnabled":true,"webStorageEnabled":false,"rotatable":false,"acceptSslCerts":false,"nativeEvents":true,"proxy":{"proxyType":"direct"}}
[INFO  - 2016-04-14T18:43:34.960Z] SessionManagerReqHand - _postNewSessionCommand - New Session Created: cb25bea0-0270-11e6-8024-b579e9b72390
[ERROR - 2016-04-14T18:43:48.711Z] WebElementLocator - _handleLocateCommand - Element(s) NOT Found: GAVE UP. Search Stop Time: 1460659428668

  phantomjs://platform/console++.js:263 in error
[ERROR - 2016-04-14T18:43:53.826Z] WebElementLocator - _handleLocateCommand - Element(s) NOT Found: GAVE UP. Search Stop Time: 1460659433783

  phantomjs://platform/console++.js:263 in error
[ERROR - 2016-04-14T18:43:58.013Z] WebElementLocator - _handleLocateCommand - Element(s) NOT Found: GAVE UP. Search Stop Time: 1460659437726

  phantomjs://platform/console++.js:263 in error
[ERROR - 2016-04-14T18:44:03.221Z] WebElementLocator - _handleLocateCommand - Element(s) NOT Found: GAVE UP. Search Stop Time: 1460659443175

  phantomjs://platform/console++.js:263 in error
[ERROR - 2016-04-14T18:44:10.335Z] WebElementLocator - _handleLocateCommand - Element(s) NOT Found: GAVE UP. Search Stop Time: 1460659450288

  phantomjs://platform/console++.js:263 in error
[ERROR - 2016-04-14T18:44:14.140Z] WebElementLocator - _handleLocateCommand - Element(s) NOT Found: GAVE UP. Search Stop Time: 1460659454105

  phantomjs://platform/console++.js:263 in error
[ERROR - 2016-04-14T18:44:17.990Z] WebElementLocator - _handleLocateCommand - Element(s) NOT Found: GAVE UP. Search Stop Time: 1460659457954

  phantomjs://platform/console++.js:263 in error
[ERROR - 2016-04-14T18:44:22.553Z] WebElementLocator - _handleLocateCommand - Element(s) NOT Found: GAVE UP. Search Stop Time: 1460659462504

  phantomjs://platform/console++.js:263 in error
[ERROR - 2016-04-14T18:44:27.276Z] WebElementLocator - _handleLocateCommand - Element(s) NOT Found: GAVE UP. Search Stop Time: 1460659467256

  phantomjs://platform/console++.js:263 in error
[ERROR - 2016-04-14T18:44:34.642Z] WebElementLocator - _handleLocateCommand - Element(s) NOT Found: GAVE UP. Search Stop Time: 1460659474599

  phantomjs://platform/console++.js:263 in error
[ERROR - 2016-04-14T18:44:38.556Z] WebElementLocator - _handleLocateCommand - Element(s) NOT Found: GAVE UP. Search Stop Time: 1460659478551

  phantomjs://platform/console++.js:263 in error
[ERROR - 2016-04-14T18:44:43.262Z] WebElementLocator - _handleLocateCommand - Element(s) NOT Found: GAVE UP. Search Stop Time: 1460659483208

  phantomjs://platform/console++.js:263 in error
[ERROR - 2016-04-14T18:44:48.668Z] WebElementLocator - _handleLocateCommand - Element(s) NOT Found: GAVE UP. Search Stop Time: 1460659488621

  phantomjs://platform/console++.js:263 in error
[ERROR - 2016-04-14T18:44:53.305Z] WebElementLocator - _handleLocateCommand - Element(s) NOT Found: GAVE UP. Search Stop Time: 1460659493261

  phantomjs://platform/console++.js:263 in error
[ERROR - 2016-04-14T18:44:57.848Z] WebElementLocator - _handleLocateCommand - Element(s) NOT Found: GAVE UP. Search Stop Time: 1460659497810

  phantomjs://platform/console++.js:263 in error
[ERROR - 2016-04-14T18:45:02.547Z] WebElementLocator - _handleLocateCommand - Element(s) NOT Found: GAVE UP. Search Stop Time: 1460659502504

  phantomjs://platform/console++.js:263 in error
[ERROR - 2016-04-14T18:45:07.434Z] WebElementLocator - _handleLocateCommand - Element(s) NOT Found: GAVE UP. Search Stop Time: 1460659507390

  phantomjs://platform/console++.js:263 in error
[ERROR - 2016-04-14T18:45:11.733Z] WebElementLocator - _handleLocateCommand - Element(s) NOT Found: GAVE UP. Search Stop Time: 1460659511686

  phantomjs://platform/console++.js:263 in error
[ERROR - 2016-04-14T18:45:16.728Z] WebElementLocator - _handleLocateCommand - Element(s) NOT Found: GAVE UP. Search Stop Time: 1460659516706

  phantomjs://platform/console++.js:263 in error
[ERROR - 2016-04-14T18:45:21.394Z] WebElementLocator - _handleLocateCommand - Element(s) NOT Found: GAVE UP. Search Stop Time: 1460659521343

  phantomjs://platform/console++.js:263 in error
[ERROR - 2016-04-14T18:45:33.050Z] WebElementLocator - _handleLocateCommand - Element(s) NOT Found: GAVE UP. Search Stop Time: 1460659532967

  phantomjs://platform/console++.js:263 in error
[ERROR - 2016-04-14T18:45:37.199Z] WebElementLocator - _handleLocateCommand - Element(s) NOT Found: GAVE UP. Search Stop Time: 1460659537143

  phantomjs://platform/console++.js:263 in error
[ERROR - 2016-04-14T18:45:42.425Z] WebElementLocator - _handleLocateCommand - Element(s) NOT Found: GAVE UP. Search Stop Time: 1460659542380

  phantomjs://platform/console++.js:263 in error
[ERROR - 2016-04-14T18:45:47.541Z] WebElementLocator - _handleLocateCommand - Element(s) NOT Found: GAVE UP. Search Stop Time: 1460659547503

  phantomjs://platform/console++.js:263 in error
[ERROR - 2016-04-14T18:45:52.937Z] WebElementLocator - _handleLocateCommand - Element(s) NOT Found: GAVE UP. Search Stop Time: 1460659552896

  phantomjs://platform/console++.js:263 in error
[ERROR - 2016-04-14T18:45:57.421Z] WebElementLocator - _handleLocateCommand - Element(s) NOT Found: GAVE UP. Search Stop Time: 1460659557341

  phantomjs://platform/console++.js:263 in error
[ERROR - 2016-04-14T18:46:02.616Z] WebElementLocator - _handleLocateCommand - Element(s) NOT Found: GAVE UP. Search Stop Time: 1460659562592

  phantomjs://platform/console++.js:263 in error
[ERROR - 2016-04-14T18:46:08.583Z] WebElementLocator - _handleLocateCommand - Element(s) NOT Found: GAVE UP. Search Stop Time: 1460659568574

  phantomjs://platform/console++.js:263 in error
[ERROR - 2016-04-14T18:46:13.037Z] WebElementLocator - _handleLocateCommand - Element(s) NOT Found: GAVE UP. Search Stop Time: 1460659573031

  phantomjs://platform/console++.js:263 in error
[ERROR - 2016-04-14T18:46:18.902Z] WebElementLocator - _handleLocateCommand - Element(s) NOT Found: GAVE UP. Search Stop Time: 1460659578893

  phantomjs://platform/console++.js:263 in error
[ERROR - 2016-04-14T18:46:23.042Z] WebElementLocator - _handleLocateCommand - Element(s) NOT Found: GAVE UP. Search Stop Time: 1460659582993

  phantomjs://platform/console++.js:263 in error
[ERROR - 2016-04-14T18:46:27.685Z] WebElementLocator - _handleLocateCommand - Element(s) NOT Found: GAVE UP. Search Stop Time: 1460659587636

  phantomjs://platform/console++.js:263 in error
[ERROR - 2016-04-14T18:46:31.781Z] WebElementLocator - _handleLocateCommand - Element(s) NOT Found: GAVE UP. Search Stop Time: 1460659591742

  phantomjs://platform/console++.js:263 in error
[ERROR - 2016-04-14T18:46:36.298Z] WebElementLocator - _handleLocateCommand - Element(s) NOT Found: GAVE UP. Search Stop Time: 1460659596249

  phantomjs://platform/console++.js:263 in error
[ERROR - 2016-04-14T18:46:40.654Z] WebElementLocator - _handleLocateCommand - Element(s) NOT Found: GAVE UP. Search Stop Time: 1460659600603

  phantomjs://platform/console++.js:263 in error
[ERROR - 2016-04-14T18:46:45.073Z] WebElementLocator - _handleLocateCommand - Element(s) NOT Found: GAVE UP. Search Stop Time: 1460659604943

  phantomjs://platform/console++.js:263 in error
[ERROR - 2016-04-14T18:46:49.363Z] WebElementLocator - _handleLocateCommand - Element(s) NOT Found: GAVE UP. Search Stop Time: 1460659609316

  phantomjs://platform/console++.js:263 in error
[ERROR - 2016-04-14T18:46:53.648Z] WebElementLocator - _handleLocateCommand - Element(s) NOT Found: GAVE UP. Search Stop Time: 1460659613608

  phantomjs://platform/console++.js:263 in error
[ERROR - 2016-04-14T18:46:57.658Z] WebElementLocator - _handleLocateCommand - Element(s) NOT Found: GAVE UP. Search Stop Time: 1460659617615

  phantomjs://platform/console++.js:263 in error
[ERROR - 2016-04-14T18:47:02.151Z] WebElementLocator - _handleLocateCommand - Element(s) NOT Found: GAVE UP. Search Stop Time: 1460659622106

  phantomjs://platform/console++.js:263 in error
[ERROR - 2016-04-14T18:47:06.186Z] WebElementLocator - _handleLocateCommand - Element(s) NOT Found: GAVE UP. Search Stop Time: 1460659626134

  phantomjs://platform/console++.js:263 in error
[ERROR - 2016-04-14T18:47:10.878Z] WebElementLocator - _handleLocateCommand - Element(s) NOT Found: GAVE UP. Search Stop Time: 1460659630825

  phantomjs://platform/console++.js:263 in error
[ERROR - 2016-04-14T18:47:15.237Z] WebElementLocator - _handleLocateCommand - Element(s) NOT Found: GAVE UP. Search Stop Time: 1460659635188

  phantomjs://platform/console++.js:263 in error
[ERROR - 2016-04-14T18:47:19.477Z] WebElementLocator - _handleLocateCommand - Element(s) NOT Found: GAVE UP. Search Stop Time: 1460659639434

  phantomjs://platform/console++.js:263 in error
[ERROR - 2016-04-14T18:47:23.584Z] WebElementLocator - _handleLocateCommand - Element(s) NOT Found: GAVE UP. Search Stop Time: 1460659643523

  phantomjs://platform/console++.js:263 in error
[ERROR - 2016-04-14T18:47:27.758Z] WebElementLocator - _handleLocateCommand - Element(s) NOT Found: GAVE UP. Search Stop Time: 1460659647743

  phantomjs://platform/console++.js:263 in error
[ERROR - 2016-04-14T18:47:31.962Z] WebElementLocator - _handleLocateCommand - Element(s) NOT Found: GAVE UP. Search Stop Time: 1460659651936

  phantomjs://platform/console++.js:263 in error
[ERROR - 2016-04-14T18:47:37.544Z] WebElementLocator - _handleLocateCommand - Element(s) NOT Found: GAVE UP. Search Stop Time: 1460659657496

  phantomjs://platform/console++.js:263 in error
[ERROR - 2016-04-14T18:47:41.592Z] WebElementLocator - _handleLocateCommand - Element(s) NOT Found: GAVE UP. Search Stop Time: 1460659661544

  phantomjs://platform/console++.js:263 in error
[ERROR - 2016-04-14T18:47:45.904Z] WebElementLocator - _handleLocateCommand - Element(s) NOT Found: GAVE UP. Search Stop Time: 1460659665855

  phantomjs://platform/console++.js:263 in error
[ERROR - 2016-04-14T18:47:50.167Z] WebElementLocator - _handleLocateCommand - Element(s) NOT Found: GAVE UP. Search Stop Time: 1460659670114

  phantomjs://platform/console++.js:263 in error
[ERROR - 2016-04-14T18:47:56.167Z] WebElementLocator - _handleLocateCommand - Element(s) NOT Found: GAVE UP. Search Stop Time: 1460659676164

  phantomjs://platform/console++.js:263 in error
[ERROR - 2016-04-14T18:48:12.157Z] WebElementLocator - _handleLocateCommand - Element(s) NOT Found: GAVE UP. Search Stop Time: 1460659692116

  phantomjs://platform/console++.js:263 in error
[ERROR - 2016-04-14T18:48:19.120Z] WebElementLocator - _handleLocateCommand - Element(s) NOT Found: GAVE UP. Search Stop Time: 1460659699065

  phantomjs://platform/console++.js:263 in error
[ERROR - 2016-04-14T18:48:23.522Z] WebElementLocator - _handleLocateCommand - Element(s) NOT Found: GAVE UP. Search Stop Time: 1460659703488

  phantomjs://platform/console++.js:263 in error
[ERROR - 2016-04-14T18:48:28.057Z] WebElementLocator - _handleLocateCommand - Element(s) NOT Found: GAVE UP. Search Stop Time: 1460659708000

  phantomjs://platform/console++.js:263 in error
[ERROR - 2016-04-14T18:48:32.746Z] WebElementLocator - _handleLocateCommand - Element(s) NOT Found: GAVE UP. Search Stop Time: 1460659712703

  phantomjs://platform/console++.js:263 in error
[INFO  - 2016-04-14T18:48:34.217Z] SessionManagerReqHand - _cleanupWindowlessSessions - Asynchronous Sessions clean-up phase starting NOW
[ERROR - 2016-04-14T18:48:36.759Z] WebElementLocator - _handleLocateCommand - Element(s) NOT Found: GAVE UP. Search Stop Time: 1460659716712

  phantomjs://platform/console++.js:263 in error
[ERROR - 2016-04-14T18:48:42.349Z] WebElementLocator - _handleLocateCommand - Element(s) NOT Found: GAVE UP. Search Stop Time: 1460659722314

  phantomjs://platform/console++.js:263 in error
[ERROR - 2016-04-14T18:48:46.485Z] WebElementLocator - _handleLocateCommand - Element(s) NOT Found: GAVE UP. Search Stop Time: 1460659726444

  phantomjs://platform/console++.js:263 in error
[ERROR - 2016-04-14T18:48:51.117Z] WebElementLocator - _handleLocateCommand - Element(s) NOT Found: GAVE UP. Search Stop Time: 1460659731113

  phantomjs://platform/console++.js:263 in error
[ERROR - 2016-04-14T18:48:55.681Z] WebElementLocator - _handleLocateCommand - Element(s) NOT Found: GAVE UP. Search Stop Time: 1460659735638

  phantomjs://platform/console++.js:263 in error
[ERROR - 2016-04-14T18:48:59.760Z] WebElementLocator - _handleLocateCommand - Element(s) NOT Found: GAVE UP. Search Stop Time: 1460659739719

  phantomjs://platform/console++.js:263 in error
[ERROR - 2016-04-14T18:49:04.204Z] WebElementLocator - _handleLocateCommand - Element(s) NOT Found: GAVE UP. Search Stop Time: 1460659744155

  phantomjs://platform/console++.js:263 in error
[ERROR - 2016-04-14T18:49:08.477Z] WebElementLocator - _handleLocateCommand - Element(s) NOT Found: GAVE UP. Search Stop Time: 1460659748439

  phantomjs://platform/console++.js:263 in error
[ERROR - 2016-04-14T18:49:12.507Z] WebElementLocator - _handleLocateCommand - Element(s) NOT Found: GAVE UP. Search Stop Time: 1460659752454

  phantomjs://platform/console++.js:263 in error
[ERROR - 2016-04-14T18:49:16.718Z] WebElementLocator - _handleLocateCommand - Element(s) NOT Found: GAVE UP. Search Stop Time: 1460659756666

  phantomjs://platform/console++.js:263 in error
[ERROR - 2016-04-14T18:49:21.336Z] WebElementLocator - _handleLocateCommand - Element(s) NOT Found: GAVE UP. Search Stop Time: 1460659761298

  phantomjs://platform/console++.js:263 in error
[ERROR - 2016-04-14T18:49:25.485Z] WebElementLocator - _handleLocateCommand - Element(s) NOT Found: GAVE UP. Search Stop Time: 1460659765431

  phantomjs://platform/console++.js:263 in error
[ERROR - 2016-04-14T18:49:29.686Z] WebElementLocator - _handleLocateCommand - Element(s) NOT Found: GAVE UP. Search Stop Time: 1460659769636

  phantomjs://platform/console++.js:263 in error
[ERROR - 2016-04-14T18:49:33.798Z] WebElementLocator - _handleLocateCommand - Element(s) NOT Found: GAVE UP. Search Stop Time: 1460659773743

  phantomjs://platform/console++.js:263 in error
[ERROR - 2016-04-14T18:49:37.743Z] WebElementLocator - _handleLocateCommand - Element(s) NOT Found: GAVE UP. Search Stop Time: 1460659777698

  phantomjs://platform/console++.js:263 in error
[ERROR - 2016-04-14T18:49:43.056Z] WebElementLocator - _handleLocateCommand - Element(s) NOT Found: GAVE UP. Search Stop Time: 1460659783019

  phantomjs://platform/console++.js:263 in error
[ERROR - 2016-04-14T18:49:47.370Z] WebElementLocator - _handleLocateCommand - Element(s) NOT Found: GAVE UP. Search Stop Time: 1460659787312

  phantomjs://platform/console++.js:263 in error
[ERROR - 2016-04-14T18:49:51.796Z] WebElementLocator - _handleLocateCommand - Element(s) NOT Found: GAVE UP. Search Stop Time: 1460659791748

  phantomjs://platform/console++.js:263 in error
[ERROR - 2016-04-14T18:49:56.181Z] WebElementLocator - _handleLocateCommand - Element(s) NOT Found: GAVE UP. Search Stop Time: 1460659796172

  phantomjs://platform/console++.js:263 in error
[ERROR - 2016-04-14T18:50:00.146Z] WebElementLocator - _handleLocateCommand - Element(s) NOT Found: GAVE UP. Search Stop Time: 1460659800096

  phantomjs://platform/console++.js:263 in error
[ERROR - 2016-04-14T18:50:03.946Z] WebElementLocator - _handleLocateCommand - Element(s) NOT Found: GAVE UP. Search Stop Time: 1460659803892

  phantomjs://platform/console++.js:263 in error
[ERROR - 2016-04-14T18:50:08.207Z] WebElementLocator - _handleLocateCommand - Element(s) NOT Found: GAVE UP. Search Stop Time: 1460659808151

  phantomjs://platform/console++.js:263 in error
[ERROR - 2016-04-14T18:50:12.106Z] WebElementLocator - _handleLocateCommand - Element(s) NOT Found: GAVE UP. Search Stop Time: 1460659812061

  phantomjs://platform/console++.js:263 in error
[ERROR - 2016-04-14T18:50:16.024Z] WebElementLocator - _handleLocateCommand - Element(s) NOT Found: GAVE UP. Search Stop Time: 1460659815979

  phantomjs://platform/console++.js:263 in error
[ERROR - 2016-04-14T18:50:20.699Z] WebElementLocator - _handleLocateCommand - Element(s) NOT Found: GAVE UP. Search Stop Time: 1460659820658

  phantomjs://platform/console++.js:263 in error
[ERROR - 2016-04-14T18:50:24.640Z] WebElementLocator - _handleLocateCommand - Element(s) NOT Found: GAVE UP. Search Stop Time: 1460659824603

  phantomjs://platform/console++.js:263 in error
[ERROR - 2016-04-14T18:50:28.748Z] WebElementLocator - _handleLocateCommand - Element(s) NOT Found: GAVE UP. Search Stop Time: 1460659828746

  phantomjs://platform/console++.js:263 in error
[ERROR - 2016-04-14T18:50:33.817Z] WebElementLocator - _handleLocateCommand - Element(s) NOT Found: GAVE UP. Search Stop Time: 1460659833780

  phantomjs://platform/console++.js:263 in error
[ERROR - 2016-04-14T18:50:37.499Z] WebElementLocator - _handleLocateCommand - Element(s) NOT Found: GAVE UP. Search Stop Time: 1460659837486

  phantomjs://platform/console++.js:263 in error
[ERROR - 2016-04-14T18:50:42.029Z] WebElementLocator - _handleLocateCommand - Element(s) NOT Found: GAVE UP. Search Stop Time: 1460659841974

  phantomjs://platform/console++.js:263 in error
[ERROR - 2016-04-14T18:50:45.830Z] WebElementLocator - _handleLocateCommand - Element(s) NOT Found: GAVE UP. Search Stop Time: 1460659845827

  phantomjs://platform/console++.js:263 in error
[ERROR - 2016-04-14T18:50:50.369Z] WebElementLocator - _handleLocateCommand - Element(s) NOT Found: GAVE UP. Search Stop Time: 1460659850307

  phantomjs://platform/console++.js:263 in error
[ERROR - 2016-04-14T18:50:54.506Z] WebElementLocator - _handleLocateCommand - Element(s) NOT Found: GAVE UP. Search Stop Time: 1460659854455

  phantomjs://platform/console++.js:263 in error
[ERROR - 2016-04-14T18:50:58.821Z] WebElementLocator - _handleLocateCommand - Element(s) NOT Found: GAVE UP. Search Stop Time: 1460659858782

  phantomjs://platform/console++.js:263 in error
[ERROR - 2016-04-14T18:51:02.902Z] WebElementLocator - _handleLocateCommand - Element(s) NOT Found: GAVE UP. Search Stop Time: 1460659862860

  phantomjs://platform/console++.js:263 in error
[ERROR - 2016-04-14T18:51:07.554Z] WebElementLocator - _handleLocateCommand - Element(s) NOT Found: GAVE UP. Search Stop Time: 1460659867495

  phantomjs://platform/console++.js:263 in error
[ERROR - 2016-04-14T18:51:11.887Z] WebElementLocator - _handleLocateCommand - Element(s) NOT Found: GAVE UP. Search Stop Time: 1460659871849

  phantomjs://platform/console++.js:263 in error
[ERROR - 2016-04-14T18:51:15.948Z] WebElementLocator - _handleLocateCommand - Element(s) NOT Found: GAVE UP. Search Stop Time: 1460659875895

  phantomjs://platform/console++.js:263 in error
[ERROR - 2016-04-14T18:51:20.536Z] WebElementLocator - _handleLocateCommand - Element(s) NOT Found: GAVE UP. Search Stop Time: 1460659880492

  phantomjs://platform/console++.js:263 in error
[ERROR - 2016-04-14T18:51:24.492Z] WebElementLocator - _handleLocateCommand - Element(s) NOT Found: GAVE UP. Search Stop Time: 1460659884443

  phantomjs://platform/console++.js:263 in error
[ERROR - 2016-04-14T18:51:28.391Z] WebElementLocator - _handleLocateCommand - Element(s) NOT Found: GAVE UP. Search Stop Time: 1460659888347

  phantomjs://platform/console++.js:263 in error
[ERROR - 2016-04-14T18:51:32.934Z] WebElementLocator - _handleLocateCommand - Element(s) NOT Found: GAVE UP. Search Stop Time: 1460659892893

  phantomjs://platform/console++.js:263 in error
[ERROR - 2016-04-14T18:51:36.787Z] WebElementLocator - _handleLocateCommand - Element(s) NOT Found: GAVE UP. Search Stop Time: 1460659896742

  phantomjs://platform/console++.js:263 in error
[ERROR - 2016-04-14T18:51:40.601Z] WebElementLocator - _handleLocateCommand - Element(s) NOT Found: GAVE UP. Search Stop Time: 1460659900559

  phantomjs://platform/console++.js:263 in error
[ERROR - 2016-04-14T18:51:44.767Z] WebElementLocator - _handleLocateCommand - Element(s) NOT Found: GAVE UP. Search Stop Time: 1460659904723

  phantomjs://platform/console++.js:263 in error
[ERROR - 2016-04-14T18:51:48.915Z] WebElementLocator - _handleLocateCommand - Element(s) NOT Found: GAVE UP. Search Stop Time: 1460659908870

  phantomjs://platform/console++.js:263 in error
[ERROR - 2016-04-14T18:51:53.029Z] WebElementLocator - _handleLocateCommand - Element(s) NOT Found: GAVE UP. Search Stop Time: 1460659912978

  phantomjs://platform/console++.js:263 in error
[ERROR - 2016-04-14T18:51:57.255Z] WebElementLocator - _handleLocateCommand - Element(s) NOT Found: GAVE UP. Search Stop Time: 1460659917213

  phantomjs://platform/console++.js:263 in error
[ERROR - 2016-04-14T18:52:01.516Z] WebElementLocator - _handleLocateCommand - Element(s) NOT Found: GAVE UP. Search Stop Time: 1460659921460

  phantomjs://platform/console++.js:263 in error
[ERROR - 2016-04-14T18:52:06.009Z] WebElementLocator - _handleLocateCommand - Element(s) NOT Found: GAVE UP. Search Stop Time: 1460659925879

  phantomjs://platform/console++.js:263 in error
[ERROR - 2016-04-14T18:52:10.449Z] WebElementLocator - _handleLocateCommand - Element(s) NOT Found: GAVE UP. Search Stop Time: 1460659930402

  phantomjs://platform/console++.js:263 in error
[ERROR - 2016-04-14T18:52:14.467Z] WebElementLocator - _handleLocateCommand - Element(s) NOT Found: GAVE UP. Search Stop Time: 1460659934426

  phantomjs://platform/console++.js:263 in error
[ERROR - 2016-04-14T18:52:19.942Z] WebElementLocator - _handleLocateCommand - Element(s) NOT Found: GAVE UP. Search Stop Time: 1460659939905

  phantomjs://platform/console++.js:263 in error
[ERROR - 2016-04-14T18:52:24.243Z] WebElementLocator - _handleLocateCommand - Element(s) NOT Found: GAVE UP. Search Stop Time: 1460659944189

  phantomjs://platform/console++.js:263 in error
[ERROR - 2016-04-14T18:52:28.250Z] WebElementLocator - _handleLocateCommand - Element(s) NOT Found: GAVE UP. Search Stop Time: 1460659948205

  phantomjs://platform/console++.js:263 in error
[ERROR - 2016-04-14T18:52:32.143Z] WebElementLocator - _handleLocateCommand - Element(s) NOT Found: GAVE UP. Search Stop Time: 1460659952109

  phantomjs://platform/console++.js:263 in error
[ERROR - 2016-04-14T18:52:35.943Z] WebElementLocator - _handleLocateCommand - Element(s) NOT Found: GAVE UP. Search Stop Time: 1460659955899

  phantomjs://platform/console++.js:263 in error
[ERROR - 2016-04-14T18:52:39.740Z] WebElementLocator - _handleLocateCommand - Element(s) NOT Found: GAVE UP. Search Stop Time: 1460659959698

  phantomjs://platform/console++.js:263 in error
[ERROR - 2016-04-14T18:52:43.906Z] WebElementLocator - _handleLocateCommand - Element(s) NOT Found: GAVE UP. Search Stop Time: 1460659963861

  phantomjs://platform/console++.js:263 in error
[ERROR - 2016-04-14T18:52:48.651Z] WebElementLocator - _handleLocateCommand - Element(s) NOT Found: GAVE UP. Search Stop Time: 1460659968600

  phantomjs://platform/console++.js:263 in error
[ERROR - 2016-04-14T18:52:52.635Z] WebElementLocator - _handleLocateCommand - Element(s) NOT Found: GAVE UP. Search Stop Time: 1460659972589

  phantomjs://platform/console++.js:263 in error
[ERROR - 2016-04-14T18:52:57.075Z] WebElementLocator - _handleLocateCommand - Element(s) NOT Found: GAVE UP. Search Stop Time: 1460659977026

  phantomjs://platform/console++.js:263 in error
[ERROR - 2016-04-14T18:53:01.454Z] WebElementLocator - _handleLocateCommand - Element(s) NOT Found: GAVE UP. Search Stop Time: 1460659981408

  phantomjs://platform/console++.js:263 in error
[ERROR - 2016-04-14T18:53:05.664Z] WebElementLocator - _handleLocateCommand - Element(s) NOT Found: GAVE UP. Search Stop Time: 1460659985613

  phantomjs://platform/console++.js:263 in error
[ERROR - 2016-04-14T18:53:10.135Z] WebElementLocator - _handleLocateCommand - Element(s) NOT Found: GAVE UP. Search Stop Time: 1460659990093

  phantomjs://platform/console++.js:263 in error
[ERROR - 2016-04-14T18:53:13.911Z] WebElementLocator - _handleLocateCommand - Element(s) NOT Found: GAVE UP. Search Stop Time: 1460659993909

  phantomjs://platform/console++.js:263 in error
[ERROR - 2016-04-14T18:53:18.583Z] WebElementLocator - _handleLocateCommand - Element(s) NOT Found: GAVE UP. Search Stop Time: 1460659998578

  phantomjs://platform/console++.js:263 in error
[ERROR - 2016-04-14T18:53:23.157Z] WebElementLocator - _handleLocateCommand - Element(s) NOT Found: GAVE UP. Search Stop Time: 1460660003106

  phantomjs://platform/console++.js:263 in error
[ERROR - 2016-04-14T18:53:27.116Z] WebElementLocator - _handleLocateCommand - Element(s) NOT Found: GAVE UP. Search Stop Time: 1460660007077

  phantomjs://platform/console++.js:263 in error
[ERROR - 2016-04-14T18:53:31.115Z] WebElementLocator - _handleLocateCommand - Element(s) NOT Found: GAVE UP. Search Stop Time: 1460660010997

  phantomjs://platform/console++.js:263 in error
[INFO  - 2016-04-14T18:53:34.083Z] SessionManagerReqHand - _cleanupWindowlessSessions - Asynchronous Sessions clean-up phase starting NOW
[ERROR - 2016-04-14T18:53:35.599Z] WebElementLocator - _handleLocateCommand - Element(s) NOT Found: GAVE UP. Search Stop Time: 1460660015559

  phantomjs://platform/console++.js:263 in error
[ERROR - 2016-04-14T18:53:39.522Z] WebElementLocator - _handleLocateCommand - Element(s) NOT Found: GAVE UP. Search Stop Time: 1460660019479

  phantomjs://platform/console++.js:263 in error
[ERROR - 2016-04-14T18:53:43.596Z] WebElementLocator - _handleLocateCommand - Element(s) NOT Found: GAVE UP. Search Stop Time: 1460660023544

  phantomjs://platform/console++.js:263 in error
[ERROR - 2016-04-14T18:53:48.097Z] WebElementLocator - _handleLocateCommand - Element(s) NOT Found: GAVE UP. Search Stop Time: 1460660028036

  phantomjs://platform/console++.js:263 in error
[ERROR - 2016-04-14T18:53:52.190Z] WebElementLocator - _handleLocateCommand - Element(s) NOT Found: GAVE UP. Search Stop Time: 1460660032145

  phantomjs://platform/console++.js:263 in error
[ERROR - 2016-04-14T18:53:56.487Z] WebElementLocator - _handleLocateCommand - Element(s) NOT Found: GAVE UP. Search Stop Time: 1460660036483

  phantomjs://platform/console++.js:263 in error
[ERROR - 2016-04-14T18:54:00.599Z] WebElementLocator - _handleLocateCommand - Element(s) NOT Found: GAVE UP. Search Stop Time: 1460660040550

  phantomjs://platform/console++.js:263 in error
[ERROR - 2016-04-14T18:54:04.589Z] WebElementLocator - _handleLocateCommand - Element(s) NOT Found: GAVE UP. Search Stop Time: 1460660044549

  phantomjs://platform/console++.js:263 in error
[ERROR - 2016-04-14T18:54:08.659Z] WebElementLocator - _handleLocateCommand - Element(s) NOT Found: GAVE UP. Search Stop Time: 1460660048604

  phantomjs://platform/console++.js:263 in error
[ERROR - 2016-04-14T18:54:12.941Z] WebElementLocator - _handleLocateCommand - Element(s) NOT Found: GAVE UP. Search Stop Time: 1460660052903

  phantomjs://platform/console++.js:263 in error
[ERROR - 2016-04-14T18:54:16.719Z] WebElementLocator - _handleLocateCommand - Element(s) NOT Found: GAVE UP. Search Stop Time: 1460660056664

  phantomjs://platform/console++.js:263 in error
[ERROR - 2016-04-14T18:54:20.760Z] WebElementLocator - _handleLocateCommand - Element(s) NOT Found: GAVE UP. Search Stop Time: 1460660060719

  phantomjs://platform/console++.js:263 in error
[ERROR - 2016-04-14T18:54:24.985Z] WebElementLocator - _handleLocateCommand - Element(s) NOT Found: GAVE UP. Search Stop Time: 1460660064941

  phantomjs://platform/console++.js:263 in error
[ERROR - 2016-04-14T18:54:28.892Z] WebElementLocator - _handleLocateCommand - Element(s) NOT Found: GAVE UP. Search Stop Time: 1460660068853

  phantomjs://platform/console++.js:263 in error
[ERROR - 2016-04-14T18:54:32.836Z] WebElementLocator - _handleLocateCommand - Element(s) NOT Found: GAVE UP. Search Stop Time: 1460660072788

  phantomjs://platform/console++.js:263 in error
[ERROR - 2016-04-14T18:54:37.226Z] WebElementLocator - _handleLocateCommand - Element(s) NOT Found: GAVE UP. Search Stop Time: 1460660077168

  phantomjs://platform/console++.js:263 in error
[ERROR - 2016-04-14T18:54:41.074Z] WebElementLocator - _handleLocateCommand - Element(s) NOT Found: GAVE UP. Search Stop Time: 1460660080994

  phantomjs://platform/console++.js:263 in error
[ERROR - 2016-04-14T18:54:45.022Z] WebElementLocator - _handleLocateCommand - Element(s) NOT Found: GAVE UP. Search Stop Time: 1460660084981

  phantomjs://platform/console++.js:263 in error
[ERROR - 2016-04-14T18:54:49.523Z] WebElementLocator - _handleLocateCommand - Element(s) NOT Found: GAVE UP. Search Stop Time: 1460660089488

  phantomjs://platform/console++.js:263 in error
[ERROR - 2016-04-14T18:54:53.586Z] WebElementLocator - _handleLocateCommand - Element(s) NOT Found: GAVE UP. Search Stop Time: 1460660093544

  phantomjs://platform/console++.js:263 in error
[ERROR - 2016-04-14T18:54:57.957Z] WebElementLocator - _handleLocateCommand - Element(s) NOT Found: GAVE UP. Search Stop Time: 1460660097907

  phantomjs://platform/console++.js:263 in error
[ERROR - 2016-04-14T18:55:02.385Z] WebElementLocator - _handleLocateCommand - Element(s) NOT Found: GAVE UP. Search Stop Time: 1460660102347

  phantomjs://platform/console++.js:263 in error
[ERROR - 2016-04-14T18:55:06.195Z] WebElementLocator - _handleLocateCommand - Element(s) NOT Found: GAVE UP. Search Stop Time: 1460660106147

  phantomjs://platform/console++.js:263 in error
[ERROR - 2016-04-14T18:55:10.593Z] WebElementLocator - _handleLocateCommand - Element(s) NOT Found: GAVE UP. Search Stop Time: 1460660110542

  phantomjs://platform/console++.js:263 in error
[ERROR - 2016-04-14T18:55:14.610Z] WebElementLocator - _handleLocateCommand - Element(s) NOT Found: GAVE UP. Search Stop Time: 1460660114557

  phantomjs://platform/console++.js:263 in error
[ERROR - 2016-04-14T18:55:18.663Z] WebElementLocator - _handleLocateCommand - Element(s) NOT Found: GAVE UP. Search Stop Time: 1460660118625

  phantomjs://platform/console++.js:263 in error
[ERROR - 2016-04-14T18:55:23.045Z] WebElementLocator - _handleLocateCommand - Element(s) NOT Found: GAVE UP. Search Stop Time: 1460660123031

  phantomjs://platform/console++.js:263 in error
[ERROR - 2016-04-14T18:55:27.281Z] WebElementLocator - _handleLocateCommand - Element(s) NOT Found: GAVE UP. Search Stop Time: 1460660127240

  phantomjs://platform/console++.js:263 in error
[ERROR - 2016-04-14T18:55:31.181Z] WebElementLocator - _handleLocateCommand - Element(s) NOT Found: GAVE UP. Search Stop Time: 1460660131138

  phantomjs://platform/console++.js:263 in error
[ERROR - 2016-04-14T18:55:35.665Z] WebElementLocator - _handleLocateCommand - Element(s) NOT Found: GAVE UP. Search Stop Time: 1460660135621

  phantomjs://platform/console++.js:263 in error
[ERROR - 2016-04-14T18:55:39.559Z] WebElementLocator - _handleLocateCommand - Element(s) NOT Found: GAVE UP. Search Stop Time: 1460660139501

  phantomjs://platform/console++.js:263 in error
[ERROR - 2016-04-14T18:55:43.560Z] WebElementLocator - _handleLocateCommand - Element(s) NOT Found: GAVE UP. Search Stop Time: 1460660143515

  phantomjs://platform/console++.js:263 in error
[ERROR - 2016-04-14T18:55:47.820Z] WebElementLocator - _handleLocateCommand - Element(s) NOT Found: GAVE UP. Search Stop Time: 1460660147779

  phantomjs://platform/console++.js:263 in error
[ERROR - 2016-04-14T18:55:51.854Z] WebElementLocator - _handleLocateCommand - Element(s) NOT Found: GAVE UP. Search Stop Time: 1460660151817

  phantomjs://platform/console++.js:263 in error
[ERROR - 2016-04-14T18:55:55.946Z] WebElementLocator - _handleLocateCommand - Element(s) NOT Found: GAVE UP. Search Stop Time: 1460660155904

  phantomjs://platform/console++.js:263 in error
[ERROR - 2016-04-14T18:55:59.974Z] WebElementLocator - _handleLocateCommand - Element(s) NOT Found: GAVE UP. Search Stop Time: 1460660159937

  phantomjs://platform/console++.js:263 in error
[ERROR - 2016-04-14T18:56:04.154Z] WebElementLocator - _handleLocateCommand - Element(s) NOT Found: GAVE UP. Search Stop Time: 1460660164113

  phantomjs://platform/console++.js:263 in error
[ERROR - 2016-04-14T18:56:07.910Z] WebElementLocator - _handleLocateCommand - Element(s) NOT Found: GAVE UP. Search Stop Time: 1460660167870

  phantomjs://platform/console++.js:263 in error
[ERROR - 2016-04-14T18:56:12.581Z] WebElementLocator - _handleLocateCommand - Element(s) NOT Found: GAVE UP. Search Stop Time: 1460660172561

  phantomjs://platform/console++.js:263 in error
[ERROR - 2016-04-14T18:56:16.586Z] WebElementLocator - _handleLocateCommand - Element(s) NOT Found: GAVE UP. Search Stop Time: 1460660176548

  phantomjs://platform/console++.js:263 in error
[ERROR - 2016-04-14T18:56:20.662Z] WebElementLocator - _handleLocateCommand - Element(s) NOT Found: GAVE UP. Search Stop Time: 1460660180624

  phantomjs://platform/console++.js:263 in error
[ERROR - 2016-04-14T18:56:24.995Z] WebElementLocator - _handleLocateCommand - Element(s) NOT Found: GAVE UP. Search Stop Time: 1460660184985

  phantomjs://platform/console++.js:263 in error
[ERROR - 2016-04-14T18:56:29.618Z] WebElementLocator - _handleLocateCommand - Element(s) NOT Found: GAVE UP. Search Stop Time: 1460660189584

  phantomjs://platform/console++.js:263 in error
[ERROR - 2016-04-14T18:56:33.534Z] WebElementLocator - _handleLocateCommand - Element(s) NOT Found: GAVE UP. Search Stop Time: 1460660193487

  phantomjs://platform/console++.js:263 in error
[ERROR - 2016-04-14T18:56:37.574Z] WebElementLocator - _handleLocateCommand - Element(s) NOT Found: GAVE UP. Search Stop Time: 1460660197521

  phantomjs://platform/console++.js:263 in error
[ERROR - 2016-04-14T18:56:43.205Z] WebElementLocator - _handleLocateCommand - Element(s) NOT Found: GAVE UP. Search Stop Time: 1460660203154

  phantomjs://platform/console++.js:263 in error
[ERROR - 2016-04-14T18:56:47.203Z] WebElementLocator - _handleLocateCommand - Element(s) NOT Found: GAVE UP. Search Stop Time: 1460660207156

  phantomjs://platform/console++.js:263 in error
[ERROR - 2016-04-14T18:56:51.364Z] WebElementLocator - _handleLocateCommand - Element(s) NOT Found: GAVE UP. Search Stop Time: 1460660211303

  phantomjs://platform/console++.js:263 in error
[ERROR - 2016-04-14T18:56:56.110Z] WebElementLocator - _handleLocateCommand - Element(s) NOT Found: GAVE UP. Search Stop Time: 1460660216071

  phantomjs://platform/console++.js:263 in error
[ERROR - 2016-04-14T18:57:00.223Z] WebElementLocator - _handleLocateCommand - Element(s) NOT Found: GAVE UP. Search Stop Time: 1460660220197

  phantomjs://platform/console++.js:263 in error
[ERROR - 2016-04-14T18:57:05.580Z] WebElementLocator - _handleLocateCommand - Element(s) NOT Found: GAVE UP. Search Stop Time: 1460660225533

  phantomjs://platform/console++.js:263 in error
[ERROR - 2016-04-14T18:57:09.973Z] WebElementLocator - _handleLocateCommand - Element(s) NOT Found: GAVE UP. Search Stop Time: 1460660229933

  phantomjs://platform/console++.js:263 in error
[ERROR - 2016-04-14T18:57:14.236Z] WebElementLocator - _handleLocateCommand - Element(s) NOT Found: GAVE UP. Search Stop Time: 1460660234194

  phantomjs://platform/console++.js:263 in error
[ERROR - 2016-04-14T18:57:18.401Z] WebElementLocator - _handleLocateCommand - Element(s) NOT Found: GAVE UP. Search Stop Time: 1460660238387

  phantomjs://platform/console++.js:263 in error
[ERROR - 2016-04-14T18:57:23.149Z] WebElementLocator - _handleLocateCommand - Element(s) NOT Found: GAVE UP. Search Stop Time: 1460660243148

  phantomjs://platform/console++.js:263 in error
[ERROR - 2016-04-14T18:57:30.664Z] WebElementLocator - _handleLocateCommand - Element(s) NOT Found: GAVE UP. Search Stop Time: 1460660250624

  phantomjs://platform/console++.js:263 in error
[ERROR - 2016-04-14T18:57:37.447Z] WebElementLocator - _handleLocateCommand - Element(s) NOT Found: GAVE UP. Search Stop Time: 1460660257405

  phantomjs://platform/console++.js:263 in error
[ERROR - 2016-04-14T18:57:45.044Z] WebElementLocator - _handleLocateCommand - Element(s) NOT Found: GAVE UP. Search Stop Time: 1460660265040

  phantomjs://platform/console++.js:263 in error
[ERROR - 2016-04-14T18:57:52.283Z] WebElementLocator - _handleLocateCommand - Element(s) NOT Found: GAVE UP. Search Stop Time: 1460660272273

  phantomjs://platform/console++.js:263 in error
[ERROR - 2016-04-14T18:57:59.671Z] WebElementLocator - _handleLocateCommand - Element(s) NOT Found: GAVE UP. Search Stop Time: 1460660279633

  phantomjs://platform/console++.js:263 in error
[ERROR - 2016-04-14T18:58:04.053Z] WebElementLocator - _handleLocateCommand - Element(s) NOT Found: GAVE UP. Search Stop Time: 1460660284016

  phantomjs://platform/console++.js:263 in error
[ERROR - 2016-04-14T18:58:08.753Z] WebElementLocator - _handleLocateCommand - Element(s) NOT Found: GAVE UP. Search Stop Time: 1460660288711

  phantomjs://platform/console++.js:263 in error
[ERROR - 2016-04-14T18:58:12.751Z] WebElementLocator - _handleLocateCommand - Element(s) NOT Found: GAVE UP. Search Stop Time: 1460660292707

  phantomjs://platform/console++.js:263 in error
[ERROR - 2016-04-14T18:58:16.783Z] WebElementLocator - _handleLocateCommand - Element(s) NOT Found: GAVE UP. Search Stop Time: 1460660296782

  phantomjs://platform/console++.js:263 in error
[ERROR - 2016-04-14T18:58:21.609Z] WebElementLocator - _handleLocateCommand - Element(s) NOT Found: GAVE UP. Search Stop Time: 1460660301604

  phantomjs://platform/console++.js:263 in error
[ERROR - 2016-04-14T18:58:25.793Z] WebElementLocator - _handleLocateCommand - Element(s) NOT Found: GAVE UP. Search Stop Time: 1460660305751

  phantomjs://platform/console++.js:263 in error
[ERROR - 2016-04-14T18:58:30.592Z] WebElementLocator - _handleLocateCommand - Element(s) NOT Found: GAVE UP. Search Stop Time: 1460660310578

  phantomjs://platform/console++.js:263 in error
[INFO  - 2016-04-14T18:58:33.953Z] SessionManagerReqHand - _cleanupWindowlessSessions - Asynchronous Sessions clean-up phase starting NOW
[ERROR - 2016-04-14T18:58:35.100Z] WebElementLocator - _handleLocateCommand - Element(s) NOT Found: GAVE UP. Search Stop Time: 1460660315061

  phantomjs://platform/console++.js:263 in error
[ERROR - 2016-04-14T18:58:39.357Z] WebElementLocator - _handleLocateCommand - Element(s) NOT Found: GAVE UP. Search Stop Time: 1460660319252

  phantomjs://platform/console++.js:263 in error
[ERROR - 2016-04-14T18:58:43.838Z] WebElementLocator - _handleLocateCommand - Element(s) NOT Found: GAVE UP. Search Stop Time: 1460660323830

  phantomjs://platform/console++.js:263 in error
[ERROR - 2016-04-14T18:58:49.013Z] WebElementLocator - _handleLocateCommand - Element(s) NOT Found: GAVE UP. Search Stop Time: 1460660329009

  phantomjs://platform/console++.js:263 in error
[ERROR - 2016-04-14T18:58:56.137Z] WebElementLocator - _handleLocateCommand - Element(s) NOT Found: GAVE UP. Search Stop Time: 1460660336122

  phantomjs://platform/console++.js:263 in error
[ERROR - 2016-04-14T18:59:02.918Z] WebElementLocator - _handleLocateCommand - Element(s) NOT Found: GAVE UP. Search Stop Time: 1460660342879

  phantomjs://platform/console++.js:263 in error
[ERROR - 2016-04-14T18:59:06.973Z] WebElementLocator - _handleLocateCommand - Element(s) NOT Found: GAVE UP. Search Stop Time: 1460660346921

  phantomjs://platform/console++.js:263 in error
[ERROR - 2016-04-14T18:59:11.373Z] WebElementLocator - _handleLocateCommand - Element(s) NOT Found: GAVE UP. Search Stop Time: 1460660351329

  phantomjs://platform/console++.js:263 in error
[ERROR - 2016-04-14T18:59:15.376Z] WebElementLocator - _handleLocateCommand - Element(s) NOT Found: GAVE UP. Search Stop Time: 1460660355334

  phantomjs://platform/console++.js:263 in error
[ERROR - 2016-04-14T18:59:19.577Z] WebElementLocator - _handleLocateCommand - Element(s) NOT Found: GAVE UP. Search Stop Time: 1460660359535

  phantomjs://platform/console++.js:263 in error
[ERROR - 2016-04-14T18:59:27.482Z] WebElementLocator - _handleLocateCommand - Element(s) NOT Found: GAVE UP. Search Stop Time: 1460660367478

  phantomjs://platform/console++.js:263 in error
[ERROR - 2016-04-14T18:59:31.976Z] WebElementLocator - _handleLocateCommand - Element(s) NOT Found: GAVE UP. Search Stop Time: 1460660371932

  phantomjs://platform/console++.js:263 in error
[ERROR - 2016-04-14T18:59:36.942Z] WebElementLocator - _handleLocateCommand - Element(s) NOT Found: GAVE UP. Search Stop Time: 1460660376895

  phantomjs://platform/console++.js:263 in error
[ERROR - 2016-04-14T18:59:40.853Z] WebElementLocator - _handleLocateCommand - Element(s) NOT Found: GAVE UP. Search Stop Time: 1460660380808

  phantomjs://platform/console++.js:263 in error
[ERROR - 2016-04-14T18:59:45.419Z] WebElementLocator - _handleLocateCommand - Element(s) NOT Found: GAVE UP. Search Stop Time: 1460660385416

  phantomjs://platform/console++.js:263 in error
[ERROR - 2016-04-14T18:59:49.428Z] WebElementLocator - _handleLocateCommand - Element(s) NOT Found: GAVE UP. Search Stop Time: 1460660389384

  phantomjs://platform/console++.js:263 in error
[ERROR - 2016-04-14T18:59:53.899Z] WebElementLocator - _handleLocateCommand - Element(s) NOT Found: GAVE UP. Search Stop Time: 1460660393846

  phantomjs://platform/console++.js:263 in error
[ERROR - 2016-04-14T18:59:58.726Z] WebElementLocator - _handleLocateCommand - Element(s) NOT Found: GAVE UP. Search Stop Time: 1460660398690

  phantomjs://platform/console++.js:263 in error
[ERROR - 2016-04-14T19:00:03.423Z] WebElementLocator - _handleLocateCommand - Element(s) NOT Found: GAVE UP. Search Stop Time: 1460660403370

  phantomjs://platform/console++.js:263 in error
[ERROR - 2016-04-14T19:00:07.682Z] WebElementLocator - _handleLocateCommand - Element(s) NOT Found: GAVE UP. Search Stop Time: 1460660407622

  phantomjs://platform/console++.js:263 in error
[ERROR - 2016-04-14T19:00:12.240Z] WebElementLocator - _handleLocateCommand - Element(s) NOT Found: GAVE UP. Search Stop Time: 1460660412238

  phantomjs://platform/console++.js:263 in error
[ERROR - 2016-04-14T19:00:17.304Z] WebElementLocator - _handleLocateCommand - Element(s) NOT Found: GAVE UP. Search Stop Time: 1460660417294

  phantomjs://platform/console++.js:263 in error
[ERROR - 2016-04-14T19:00:22.229Z] WebElementLocator - _handleLocateCommand - Element(s) NOT Found: GAVE UP. Search Stop Time: 1460660422179

  phantomjs://platform/console++.js:263 in error
[ERROR - 2016-04-14T19:00:27.420Z] WebElementLocator - _handleLocateCommand - Element(s) NOT Found: GAVE UP. Search Stop Time: 1460660427295

  phantomjs://platform/console++.js:263 in error
[ERROR - 2016-04-14T19:00:31.706Z] WebElementLocator - _handleLocateCommand - Element(s) NOT Found: GAVE UP. Search Stop Time: 1460660431664

  phantomjs://platform/console++.js:263 in error
[ERROR - 2016-04-14T19:00:35.583Z] WebElementLocator - _handleLocateCommand - Element(s) NOT Found: GAVE UP. Search Stop Time: 1460660435546

  phantomjs://platform/console++.js:263 in error
[ERROR - 2016-04-14T19:00:39.822Z] WebElementLocator - _handleLocateCommand - Element(s) NOT Found: GAVE UP. Search Stop Time: 1460660439682

  phantomjs://platform/console++.js:263 in error
[ERROR - 2016-04-14T19:00:44.536Z] WebElementLocator - _handleLocateCommand - Element(s) NOT Found: GAVE UP. Search Stop Time: 1460660444490

  phantomjs://platform/console++.js:263 in error
[ERROR - 2016-04-14T19:00:50.033Z] WebElementLocator - _handleLocateCommand - Element(s) NOT Found: GAVE UP. Search Stop Time: 1460660449983

  phantomjs://platform/console++.js:263 in error
[ERROR - 2016-04-14T19:00:54.093Z] WebElementLocator - _handleLocateCommand - Element(s) NOT Found: GAVE UP. Search Stop Time: 1460660454092

  phantomjs://platform/console++.js:263 in error
[ERROR - 2016-04-14T19:00:58.224Z] WebElementLocator - _handleLocateCommand - Element(s) NOT Found: GAVE UP. Search Stop Time: 1460660458213

  phantomjs://platform/console++.js:263 in error
[ERROR - 2016-04-14T19:01:02.429Z] WebElementLocator - _handleLocateCommand - Element(s) NOT Found: GAVE UP. Search Stop Time: 1460660462372

  phantomjs://platform/console++.js:263 in error
[ERROR - 2016-04-14T19:01:06.656Z] WebElementLocator - _handleLocateCommand - Element(s) NOT Found: GAVE UP. Search Stop Time: 1460660466608

  phantomjs://platform/console++.js:263 in error
[ERROR - 2016-04-14T19:01:11.775Z] WebElementLocator - _handleLocateCommand - Element(s) NOT Found: GAVE UP. Search Stop Time: 1460660471725

  phantomjs://platform/console++.js:263 in error
[ERROR - 2016-04-14T19:01:18.415Z] WebElementLocator - _handleLocateCommand - Element(s) NOT Found: GAVE UP. Search Stop Time: 1460660478376

  phantomjs://platform/console++.js:263 in error
[ERROR - 2016-04-14T19:01:22.153Z] WebElementLocator - _handleLocateCommand - Element(s) NOT Found: GAVE UP. Search Stop Time: 1460660482134

  phantomjs://platform/console++.js:263 in error
[ERROR - 2016-04-14T19:01:27.708Z] WebElementLocator - _handleLocateCommand - Element(s) NOT Found: GAVE UP. Search Stop Time: 1460660487704

  phantomjs://platform/console++.js:263 in error
[ERROR - 2016-04-14T19:01:34.388Z] WebElementLocator - _handleLocateCommand - Element(s) NOT Found: GAVE UP. Search Stop Time: 1460660494270

  phantomjs://platform/console++.js:263 in error
[ERROR - 2016-04-14T19:01:41.834Z] WebElementLocator - _handleLocateCommand - Element(s) NOT Found: GAVE UP. Search Stop Time: 1460660501790

  phantomjs://platform/console++.js:263 in error
[ERROR - 2016-04-14T19:01:46.160Z] WebElementLocator - _handleLocateCommand - Element(s) NOT Found: GAVE UP. Search Stop Time: 1460660506110

  phantomjs://platform/console++.js:263 in error
[ERROR - 2016-04-14T19:01:51.291Z] WebElementLocator - _handleLocateCommand - Element(s) NOT Found: GAVE UP. Search Stop Time: 1460660511246

  phantomjs://platform/console++.js:263 in error
[ERROR - 2016-04-14T19:01:58.440Z] WebElementLocator - _handleLocateCommand - Element(s) NOT Found: GAVE UP. Search Stop Time: 1460660518393

  phantomjs://platform/console++.js:263 in error
[ERROR - 2016-04-14T19:02:02.970Z] WebElementLocator - _handleLocateCommand - Element(s) NOT Found: GAVE UP. Search Stop Time: 1460660522933

  phantomjs://platform/console++.js:263 in error
[ERROR - 2016-04-14T19:02:07.158Z] WebElementLocator - _handleLocateCommand - Element(s) NOT Found: GAVE UP. Search Stop Time: 1460660527099

  phantomjs://platform/console++.js:263 in error
[ERROR - 2016-04-14T19:02:11.505Z] WebElementLocator - _handleLocateCommand - Element(s) NOT Found: GAVE UP. Search Stop Time: 1460660531139

  phantomjs://platform/console++.js:263 in error
[ERROR - 2016-04-14T19:02:21.007Z] WebElementLocator - _handleLocateCommand - Element(s) NOT Found: GAVE UP. Search Stop Time: 1460660540906

  phantomjs://platform/console++.js:263 in error
[ERROR - 2016-04-14T19:02:26.149Z] WebElementLocator - _handleLocateCommand - Element(s) NOT Found: GAVE UP. Search Stop Time: 1460660546113

  phantomjs://platform/console++.js:263 in error
[ERROR - 2016-04-14T19:02:32.709Z] WebElementLocator - _handleLocateCommand - Element(s) NOT Found: GAVE UP. Search Stop Time: 1460660552673

  phantomjs://platform/console++.js:263 in error
[ERROR - 2016-04-14T19:02:37.945Z] WebElementLocator - _handleLocateCommand - Element(s) NOT Found: GAVE UP. Search Stop Time: 1460660557900

  phantomjs://platform/console++.js:263 in error
[ERROR - 2016-04-14T19:02:42.412Z] WebElementLocator - _handleLocateCommand - Element(s) NOT Found: GAVE UP. Search Stop Time: 1460660562377

  phantomjs://platform/console++.js:263 in error
[ERROR - 2016-04-14T19:02:46.380Z] WebElementLocator - _handleLocateCommand - Element(s) NOT Found: GAVE UP. Search Stop Time: 1460660566332

  phantomjs://platform/console++.js:263 in error
[ERROR - 2016-04-14T19:02:50.431Z] WebElementLocator - _handleLocateCommand - Element(s) NOT Found: GAVE UP. Search Stop Time: 1460660570372

  phantomjs://platform/console++.js:263 in error
[ERROR - 2016-04-14T19:02:55.421Z] WebElementLocator - _handleLocateCommand - Element(s) NOT Found: GAVE UP. Search Stop Time: 1460660575377

  phantomjs://platform/console++.js:263 in error
[ERROR - 2016-04-14T19:03:06.388Z] WebElementLocator - _handleLocateCommand - Element(s) NOT Found: GAVE UP. Search Stop Time: 1460660586303

  phantomjs://platform/console++.js:263 in error
[ERROR - 2016-04-14T19:03:15.562Z] WebElementLocator - _handleLocateCommand - Element(s) NOT Found: GAVE UP. Search Stop Time: 1460660595547

  phantomjs://platform/console++.js:263 in error
[ERROR - 2016-04-14T19:03:20.955Z] WebElementLocator - _handleLocateCommand - Element(s) NOT Found: GAVE UP. Search Stop Time: 1460660600911

  phantomjs://platform/console++.js:263 in error
[ERROR - 2016-04-14T19:03:25.222Z] WebElementLocator - _handleLocateCommand - Element(s) NOT Found: GAVE UP. Search Stop Time: 1460660605182

  phantomjs://platform/console++.js:263 in error
[ERROR - 2016-04-14T19:03:30.453Z] WebElementLocator - _handleLocateCommand - Element(s) NOT Found: GAVE UP. Search Stop Time: 1460660610431

  phantomjs://platform/console++.js:263 in error
[INFO  - 2016-04-14T19:03:33.826Z] SessionManagerReqHand - _cleanupWindowlessSessions - Asynchronous Sessions clean-up phase starting NOW
[ERROR - 2016-04-14T19:03:35.608Z] WebElementLocator - _handleLocateCommand - Element(s) NOT Found: GAVE UP. Search Stop Time: 1460660615557

  phantomjs://platform/console++.js:263 in error
[ERROR - 2016-04-14T19:03:40.098Z] WebElementLocator - _handleLocateCommand - Element(s) NOT Found: GAVE UP. Search Stop Time: 1460660620089

  phantomjs://platform/console++.js:263 in error
[ERROR - 2016-04-14T19:03:45.367Z] WebElementLocator - _handleLocateCommand - Element(s) NOT Found: GAVE UP. Search Stop Time: 1460660625328

  phantomjs://platform/console++.js:263 in error
[ERROR - 2016-04-14T19:03:49.781Z] WebElementLocator - _handleLocateCommand - Element(s) NOT Found: GAVE UP. Search Stop Time: 1460660629779

  phantomjs://platform/console++.js:263 in error
[ERROR - 2016-04-14T19:03:53.866Z] WebElementLocator - _handleLocateCommand - Element(s) NOT Found: GAVE UP. Search Stop Time: 1460660633827

  phantomjs://platform/console++.js:263 in error
[ERROR - 2016-04-14T19:03:58.336Z] WebElementLocator - _handleLocateCommand - Element(s) NOT Found: GAVE UP. Search Stop Time: 1460660638291

  phantomjs://platform/console++.js:263 in error
[ERROR - 2016-04-14T19:04:02.003Z] WebElementLocator - _handleLocateCommand - Element(s) NOT Found: GAVE UP. Search Stop Time: 1460660641958

  phantomjs://platform/console++.js:263 in error
[ERROR - 2016-04-14T19:04:05.478Z] WebElementLocator - _handleLocateCommand - Element(s) NOT Found: GAVE UP. Search Stop Time: 1460660645446

  phantomjs://platform/console++.js:263 in error
[ERROR - 2016-04-14T19:04:09.342Z] WebElementLocator - _handleLocateCommand - Element(s) NOT Found: GAVE UP. Search Stop Time: 1460660649293

  phantomjs://platform/console++.js:263 in error
[ERROR - 2016-04-14T19:04:12.858Z] WebElementLocator - _handleLocateCommand - Element(s) NOT Found: GAVE UP. Search Stop Time: 1460660652797

  phantomjs://platform/console++.js:263 in error
[ERROR - 2016-04-14T19:04:16.340Z] WebElementLocator - _handleLocateCommand - Element(s) NOT Found: GAVE UP. Search Stop Time: 1460660656299

  phantomjs://platform/console++.js:263 in error
[ERROR - 2016-04-14T19:04:19.996Z] WebElementLocator - _handleLocateCommand - Element(s) NOT Found: GAVE UP. Search Stop Time: 1460660659952

  phantomjs://platform/console++.js:263 in error
